<?xml version="1.0" encoding="UTF-8"?>
<testsuite name="ViewTest.GridDesignTest" tests="4" skipped="0" failures="0" errors="0" timestamp="2022-12-21T12:43:16" hostname="LAPTOP-S5A2TRNS" time="0.035">
  <properties/>
  <testcase name="pintarTexto()" classname="ViewTest.GridDesignTest" time="0.011"/>
  <testcase name="pintarGrid()" classname="ViewTest.GridDesignTest" time="0.009"/>
  <testcase name="pintarPeca()" classname="ViewTest.GridDesignTest" time="0.006"/>
  <testcase name="pintarGridList()" classname="ViewTest.GridDesignTest" time="0.007"/>
  <system-out><![CDATA[]]></system-out>
  <system-err><![CDATA[]]></system-err>
</testsuite>
