<?xml version="1.0" encoding="UTF-8"?>
<testsuite name="ModelTest.GridTest" tests="5" skipped="0" failures="0" errors="0" timestamp="2022-12-21T12:43:16" hostname="LAPTOP-S5A2TRNS" time="0.023">
  <properties/>
  <testcase name="valido()" classname="ModelTest.GridTest" time="0.003"/>
  <testcase name="adicionaPeca()" classname="ModelTest.GridTest" time="0.01"/>
  <testcase name="removerLinhas()" classname="ModelTest.GridTest" time="0.002"/>
  <testcase name="gets()" classname="ModelTest.GridTest" time="0.002"/>
  <testcase name="setmatriz()" classname="ModelTest.GridTest" time="0.001"/>
  <system-out><![CDATA[]]></system-out>
  <system-err><![CDATA[]]></system-err>
</testsuite>
