<?xml version="1.0" encoding="UTF-8"?>
<testsuite name="ControllerTest.JogoTest" tests="3" skipped="0" failures="0" errors="0" timestamp="2022-12-21T12:43:13" hostname="LAPTOP-S5A2TRNS" time="2.376">
  <properties/>
  <testcase name="getPecaAleatoriaTest()" classname="ControllerTest.JogoTest" time="0.073"/>
  <testcase name="JogoTest()" classname="ControllerTest.JogoTest" time="2.091"/>
  <testcase name="getKeyTest()" classname="ControllerTest.JogoTest" time="0.004"/>
  <system-out><![CDATA[]]></system-out>
  <system-err><![CDATA[]]></system-err>
</testsuite>
